C51 COMPILER V9.52.0.0   INTERRUPT                                                         07/10/2018 10:50:11 PAGE 1   


C51 COMPILER V9.52.0.0, COMPILATION OF MODULE INTERRUPT
OBJECT MODULE PLACED IN .\Output\Interrupt.obj
COMPILER INVOKED BY: D:\Program Files\Keil\C51\BIN\C51.EXE Source\Interrupt.c BROWSE INCDIR(.\Include;.\Bsp) DEFINE(FOSC
                    -_160000) DEBUG OBJECTEXTEND PRINT(.\List\Interrupt.lst) TABS(2) OBJECT(.\Output\Interrupt.obj)

line level    source

   1          #include "N76E003.h"
   2          #include "Typedef.h"
   3          #include "SFR_Macro.h"
   4          #include "Function_define.h"
   5          #include "Timer.h"
   6          #include "Uart.h"
   7          #include "Sys.h"
   8          #include "PacketQueue.h"
   9          
  10          /*********************************************************************************************************
             -***
  11          *    TIMER 0 interrupt subroutine
  12          **********************************************************************************************************
             -**/
  13          static void Timer0_ISR (void) interrupt 1  //interrupt address is 0x000B
  14          {
  15   1          TL0 = LOBYTE(TIMER_DIV12_VALUE_10ms); 
  16   1          TH0 = HIBYTE(TIMER_DIV12_VALUE_10ms);
  17   1        SystemServerRun();
  18   1      }
  19          
  20          /*********************************************************************************************************
             -***
  21          *    TIMER 1 interrupt subroutine
  22          **********************************************************************************************************
             -**/
  23          static void Timer1_ISR (void) interrupt 3  //interrupt address is 0x001B
  24          {
  25   1          TL1 = LOBYTE(TIMER_DIV12_VALUE_10ms); 
  26   1          TH1 = HIBYTE(TIMER_DIV12_VALUE_10ms);
  27   1      }
  28          
  29          static void Uart0_ISR(void) interrupt 4
  30          {
  31   1          if (RI) 
  32   1          {                   /* if reception occur */
  33   2              clr_RI;         /* clear reception flag for next reception */
  34   2          QueuePost(SBUF);
  35   2          }
  36   1          if(TI)        /* if emission occur */
  37   1          {
  38   2             // clr_TI;                            
  39   2          }
  40   1      }


MODULE INFORMATION:   STATIC OVERLAYABLE
   CODE SIZE        =    138    ----
   CONSTANT SIZE    =   ----    ----
   XDATA SIZE       =   ----    ----
   PDATA SIZE       =   ----    ----
   DATA SIZE        =   ----    ----
   IDATA SIZE       =   ----    ----
   BIT SIZE         =   ----    ----
C51 COMPILER V9.52.0.0   INTERRUPT                                                         07/10/2018 10:50:11 PAGE 2   

END OF MODULE INFORMATION.


C51 COMPILATION COMPLETE.  0 WARNING(S),  0 ERROR(S)
