C51 COMPILER V9.52.0.0   TIMER                                                             07/10/2018 10:50:11 PAGE 1   


C51 COMPILER V9.52.0.0, COMPILATION OF MODULE TIMER
OBJECT MODULE PLACED IN .\Output\Timer.obj
COMPILER INVOKED BY: D:\Program Files\Keil\C51\BIN\C51.EXE Bsp\Timer.c BROWSE INCDIR(.\Include;.\Bsp) DEFINE(FOSC_160000
                    -) DEBUG OBJECTEXTEND PRINT(.\List\Timer.lst) TABS(2) OBJECT(.\Output\Timer.obj)

line level    source

   1          #define __TIMER_C__
   2          #include "N76E003.h"
   3          #include "Typedef.h"
   4          #include "SFR_Macro.h"
   5          #include "Function_define.h"
   6          #include "Timer.h"
   7          
   8          /*********************************************************************************************************
             -***
   9          *    Main function 
  10          **********************************************************************************************************
             -**/
  11          static void Timer0Init(void)
  12          {     
  13   1        TIMER0_MODE1_ENABLE;
  14   1        P2S &= ~BIT(2); //禁止定时器0输出
  15   1          clr_T0M;
  16   1        
  17   1        TL0 = LOBYTE(TIMER_DIV12_VALUE_10ms);   //Find  define in "Function_define.h" "TIMER VALUE"
  18   1        TH0 = HIBYTE(TIMER_DIV12_VALUE_10ms); 
  19   1          set_ET0;                                    //enable Timer0 interrupt
  20   1          set_EA;                                     //enable interrupts
  21   1          set_TR0;                                    //Timer0 run
  22   1      }
  23          static void Timer1Init(void)
  24          {     
  25   1        TIMER1_MODE1_ENABLE;
  26   1        P2S &= ~BIT(3); //禁止定时器0输出
  27   1          clr_T1M;
  28   1        
  29   1        TL1 = LOBYTE(TIMER_DIV12_VALUE_10ms);   //Find  define in "Function_define.h" "TIMER VALUE"
  30   1        TH1 = HIBYTE(TIMER_DIV12_VALUE_10ms); 
  31   1          set_ET1;                                    //enable Timer0 interrupt
  32   1          set_EA;                                     //enable interrupts
  33   1          set_TR1;                                    //Timer0 run
  34   1      }
  35          
  36          void TimerInit(void)
  37          {
  38   1          Timer0Init();
  39   1          Timer1Init();
  40   1      }


MODULE INFORMATION:   STATIC OVERLAYABLE
   CODE SIZE        =     56    ----
   CONSTANT SIZE    =   ----    ----
   XDATA SIZE       =   ----    ----
   PDATA SIZE       =   ----    ----
   DATA SIZE        =   ----    ----
   IDATA SIZE       =   ----    ----
   BIT SIZE         =   ----    ----
END OF MODULE INFORMATION.


C51 COMPILATION COMPLETE.  0 WARNING(S),  0 ERROR(S)
